<?xml version="1.0" encoding="UTF-8"?>
<!-- Generated by org.testng.reporters.JUnitReportReporter -->
<testsuite hostname="LAPTOP-R1FIPK77" failures="0" tests="3" name="com.aconex.tests.AconexTestClass" time="88.453" errors="0" timestamp="09 Nov 2020 08:51:02 GMT" skipped="0">
  <testcase classname="com.aconex.tests.AconexTestClass" name="sendMail" time="64.988"/>
  <testcase classname="com.aconex.tests.AconexTestClass" name="uploadNewDocument" time="12.173"/>
  <testcase classname="com.aconex.tests.AconexTestClass" name="saveTheSearch" time="11.292"/>
</testsuite> <!-- com.aconex.tests.AconexTestClass -->
