<?xml version="1.0" encoding="UTF-8"?>
<!-- Generated by org.testng.reporters.JUnitReportReporter -->
<testsuite hostname="LAPTOP-R1FIPK77" failures="0" tests="1" name="com.aconex.tests.sampleTestClass" time="84.700" errors="0" timestamp="08 Nov 2020 17:53:16 GMT" skipped="0">
  <testcase classname="com.aconex.tests.sampleTestClass" name="sampleTestCase" time="84.700"/>
</testsuite> <!-- com.aconex.tests.sampleTestClass -->
